MySleepApp/app/build/outputs/logs/manifest-merger-debug-report.txt
-- Merging decision tree log ---
manifest
ADDED from src\main\AndroidManifest.xml:2:1-91:12
	package
		ADDED from src\main\AndroidManifest.xml:3:5-35
		INJECTED from src\main\AndroidManifest.xml
		INJECTED from src\main\AndroidManifest.xml
	android:versionName
		ADDED from src\main\AndroidManifest.xml:5:5-32
		INJECTED from src\main\AndroidManifest.xml
		INJECTED from src\main\AndroidManifest.xml
	android:versionCode
		ADDED from src\main\AndroidManifest.xml:4:5-28
		INJECTED from src\main\AndroidManifest.xml
		INJECTED from src\main\AndroidManifest.xml
	xmlns:android
		ADDED from src\main\AndroidManifest.xml:2:11-69
uses-sdk
ADDED from src\main\AndroidManifest.xml:7:5-9:41
MERGED from [com.android.support:support-v4:23.4.0] AndroidManifest.xml:20:5-43
	android:targetSdkVersion
		ADDED from src\main\AndroidManifest.xml:9:9-38
		INJECTED from src\main\AndroidManifest.xml
		INJECTED from src\main\AndroidManifest.xml
	android:minSdkVersion
		ADDED from src\main\AndroidManifest.xml:8:9-35
		INJECTED from src\main\AndroidManifest.xml
		INJECTED from src\main\AndroidManifest.xml
uses-permission#android.permission.BLUETOOTH_ADMIN
ADDED from src\main\AndroidManifest.xml:11:5-74
	android:name
		ADDED from src\main\AndroidManifest.xml:11:22-71
uses-permission#android.permission.BLUETOOTH
ADDED from src\main\AndroidManifest.xml:12:5-68
	android:name
		ADDED from src\main\AndroidManifest.xml:12:22-65
uses-permission#android.permission.READ_EXTERNAL_STORAGE
ADDED from src\main\AndroidManifest.xml:13:5-79
	android:name
		ADDED from src\main\AndroidManifest.xml:13:22-77
uses-permission#android.permission.WRITE_EXTERNAL_STORAGE
ADDED from src\main\AndroidManifest.xml:14:5-80
	android:name
		ADDED from src\main\AndroidManifest.xml:14:22-78
application
ADDED from src\main\AndroidManifest.xml:16:5-89:19
MERGED from [com.android.support:support-v4:23.4.0] AndroidManifest.xml:22:5-20
	android:label
		ADDED from src\main\AndroidManifest.xml:19:9-27
	android:allowBackup
		ADDED from src\main\AndroidManifest.xml:17:9-35
	android:icon
		ADDED from src\main\AndroidManifest.xml:18:9-42
	android:theme
		ADDED from src\main\AndroidManifest.xml:20:9-40
activity#com.goodjam.AlarmApp.MainActivity
ADDED from src\main\AndroidManifest.xml:23:9-32:20
	android:label
		ADDED from src\main\AndroidManifest.xml:25:13-31
	android:launchMode
		ADDED from src\main\AndroidManifest.xml:26:13-44
	android:configChanges
		ADDED from src\main\AndroidManifest.xml:27:13-74
	android:name
		ADDED from src\main\AndroidManifest.xml:24:13-61
intent-filter#android.intent.action.MAIN+android.intent.category.LAUNCHER
ADDED from src\main\AndroidManifest.xml:28:13-31:29
action#android.intent.action.MAIN
ADDED from src\main\AndroidManifest.xml:29:17-69
	android:name
		ADDED from src\main\AndroidManifest.xml:29:25-66
category#android.intent.category.LAUNCHER
ADDED from src\main\AndroidManifest.xml:30:17-77
	android:name
		ADDED from src\main\AndroidManifest.xml:30:27-74
activity#com.goodjam.AlarmApp.DeviceListActivity
ADDED from src\main\AndroidManifest.xml:34:9-38:20
	android:label
		ADDED from src\main\AndroidManifest.xml:35:19-56
	android:configChanges
		ADDED from src\main\AndroidManifest.xml:37:19-80
	android:theme
		ADDED from src\main\AndroidManifest.xml:36:19-62
	android:name
		ADDED from src\main\AndroidManifest.xml:34:19-73
activity#com.goodjam.AlarmApp.GraphActivity
ADDED from src\main\AndroidManifest.xml:40:9-80
	android:name
		ADDED from src\main\AndroidManifest.xml:40:19-68
activity#com.goodjam.AlarmApp.AlarmSelect
ADDED from src\main\AndroidManifest.xml:41:9-69
	android:name
		ADDED from src\main\AndroidManifest.xml:41:19-66
activity#com.goodjam.AlarmApp.AlarmSetting
ADDED from src\main\AndroidManifest.xml:42:9-70
	android:name
		ADDED from src\main\AndroidManifest.xml:42:19-67
activity#com.goodjam.AlarmApp.ShutDown
ADDED from src\main\AndroidManifest.xml:43:9-66
	android:name
		ADDED from src\main\AndroidManifest.xml:43:19-63
activity#com.goodjam.AlarmApp.MyPageActivity
ADDED from src\main\AndroidManifest.xml:44:9-71
	android:name
		ADDED from src\main\AndroidManifest.xml:44:19-69
receiver#com.goodjam.AlarmApp.AlarmReceiver
ADDED from src\main\AndroidManifest.xml:72:9-71
	android:name
		ADDED from src\main\AndroidManifest.xml:72:19-68
service#com.goodjam.AlarmApp.service.RetroBandService
ADDED from src\main\AndroidManifest.xml:75:9-80:19
	android:label
		ADDED from src\main\AndroidManifest.xml:78:13-50
	android:configChanges
		ADDED from src\main\AndroidManifest.xml:79:13-74
	android:icon
		ADDED from src\main\AndroidManifest.xml:77:13-49
	android:name
		ADDED from src\main\AndroidManifest.xml:76:13-74
service#com.goodjam.AlarmApp.MyService
ADDED from src\main\AndroidManifest.xml:81:9-88:19
	android:enabled
		ADDED from src\main\AndroidManifest.xml:83:13-35
	android:exported
		ADDED from src\main\AndroidManifest.xml:84:13-36
	android:name
		ADDED from src\main\AndroidManifest.xml:82:13-58
intent-filter#com.goodjam.AlarmApp.MyService
ADDED from src\main\AndroidManifest.xml:85:13-87:29
action#com.goodjam.AlarmApp.MyService
ADDED from src\main\AndroidManifest.xml:86:17-72
	android:name
		ADDED from src\main\AndroidManifest.xml:86:25-70